This file contains any messages produced by compilers while
running configure, to aid debugging if configure makes a mistake.

It was created by configure, which was
generated by GNU Autoconf 2.69.  Invocation command line was

  $ ./configure --enable-ssl --with-system-libuseful

## --------- ##
## Platform. ##
## --------- ##

hostname = beast
uname -m = i686
uname -r = 5.6.5-64
uname -s = Linux
uname -v = #6 SMP Sun Apr 19 22:31:45 BST 2020

/usr/bin/uname -p = unknown
/bin/uname -X     = 

/bin/arch              = unknown
/usr/bin/arch -k       = unknown
/usr/convex/getsysinfo = unknown
/usr/bin/hostinfo      = unknown
/bin/machine           = unknown
/usr/bin/oslevel       = unknown
/bin/universe          = unknown

PATH: /home/colum/bin
PATH: /usr/prebin
PATH: /usr/local/bin
PATH: /usr/bin
PATH: /usr/X11R7/bin
PATH: /bin
PATH: /usr/games/bin
PATH: .
PATH: /opt/Csound-6.05/bin
PATH: /opt/Drawing/bin
PATH: /opt/FLTK/bin
PATH: /opt/GTK/bin
PATH: /opt/LibreCAD/bin
PATH: /opt/Python-3.5.6/bin
PATH: /opt/Python-3.7.1/bin
PATH: /opt/Qt5/bin
PATH: /opt/SDL/bin
PATH: /opt/SDL2/bin
PATH: /opt/blender-2.79b/bin
PATH: /opt/boinc_client-7.14.2/bin
PATH: /opt/brlcad-7.26.4/bin
PATH: /opt/chess/bin
PATH: /opt/crosstools-ng/bin
PATH: /opt/games/bin
PATH: /opt/gdbm-1.18.1/bin
PATH: /opt/ghostscript-9.26/bin
PATH: /opt/gifprogs-5.1.2/bin
PATH: /opt/git-2.20.1/bin
PATH: /opt/graphviz-2.40.1/bin
PATH: /opt/jpegprogs-9c/bin
PATH: /opt/llvm-6.0.1/bin
PATH: /opt/lua-5.3.4/bin
PATH: /opt/luajid-2.0.4/bin
PATH: /opt/mingw32/bin
PATH: /opt/mono-5.20.1.27/bin
PATH: /opt/mozjs-24.2.0/bin
PATH: /opt/mujs-1.0.5/bin
PATH: /opt/netpbm-10.66.02/bin
PATH: /opt/opengl/bin
PATH: /opt/openjdk-8u262-b10/bin
PATH: /opt/panda3d/bin
PATH: /opt/perl-5.24.1/bin
PATH: /opt/php-7.1.3/bin
PATH: /opt/pngprogs-1.6.30/bin
PATH: /opt/qemu-5.2.0-aio/bin
PATH: /opt/ruby-2.5.2/bin
PATH: /opt/rust-1.52.1/bin
PATH: /opt/samba-4.8.1/bin
PATH: /opt/sound-studio/bin
PATH: /opt/squirrel-3.0/bin
PATH: /opt/tcl-8.6.9/bin
PATH: /opt/tiffprogs-4.0.8/bin
PATH: /opt/tinyscheme-1.41/bin
PATH: /opt/wine-5.12/bin
PATH: /opt/x86_64-unknown-linux-gnu/bin
PATH: /opt/xboinc_client-7.14.2/bin


## ----------- ##
## Core tests. ##
## ----------- ##

configure:2082: checking for gcc
configure:2098: found /usr/bin/gcc
configure:2109: result: gcc
configure:2338: checking for C compiler version
configure:2347: gcc --version >&5
gcc (GCC) 8.2.0
Copyright (C) 2018 Free Software Foundation, Inc.
This is free software; see the source for copying conditions.  There is NO
warranty; not even for MERCHANTABILITY or FITNESS FOR A PARTICULAR PURPOSE.

configure:2358: $? = 0
configure:2347: gcc -v >&5
Using built-in specs.
COLLECT_GCC=gcc
COLLECT_LTO_WRAPPER=/usr/libexec/gcc/i486-pc-linux-gnu/8.2.0/lto-wrapper
Target: i486-pc-linux-gnu
Configured with: ../gcc-8.2.0-src/configure --enable-languages=c,c++,go --disable-nls --disable-multilib --prefix=/usr --sysconfdir=/etc --includedir=/usr/include --localstatedir=/var --mandir=/usr/share/man --infodir=/usr/share/info --host=i486-pc-linux-gnu --build=i486-pc-linux-gnu --target=i486-pc-linux-gnu
Thread model: posix
gcc version 8.2.0 (GCC) 
configure:2358: $? = 0
configure:2347: gcc -V >&5
gcc: error: unrecognized command line option '-V'
gcc: fatal error: no input files
compilation terminated.
configure:2358: $? = 1
configure:2347: gcc -qversion >&5
gcc: error: unrecognized command line option '-qversion'; did you mean '--version'?
gcc: fatal error: no input files
compilation terminated.
configure:2358: $? = 1
configure:2378: checking whether the C compiler works
configure:2400: gcc    conftest.c  >&5
configure:2404: $? = 0
configure:2452: result: yes
configure:2455: checking for C compiler default output file name
configure:2457: result: a.out
configure:2463: checking for suffix of executables
configure:2470: gcc -o conftest    conftest.c  >&5
configure:2474: $? = 0
configure:2496: result: 
configure:2518: checking whether we are cross compiling
configure:2526: gcc -o conftest    conftest.c  >&5
configure:2530: $? = 0
configure:2537: ./conftest
configure:2541: $? = 0
configure:2556: result: no
configure:2561: checking for suffix of object files
configure:2583: gcc -c   conftest.c >&5
configure:2587: $? = 0
configure:2608: result: o
configure:2612: checking whether we are using the GNU C compiler
configure:2631: gcc -c   conftest.c >&5
configure:2631: $? = 0
configure:2640: result: yes
configure:2649: checking whether gcc accepts -g
configure:2669: gcc -c -g  conftest.c >&5
configure:2669: $? = 0
configure:2710: result: yes
configure:2727: checking for gcc option to accept ISO C89
configure:2790: gcc  -c -g -O2  conftest.c >&5
configure:2790: $? = 0
configure:2803: result: none needed
configure:2829: checking whether make sets $(MAKE)
configure:2851: result: yes
configure:2903: checking for a BSD-compatible install
configure:2971: result: /bin/install -c
configure:2988: checking how to run the C preprocessor
configure:3019: gcc -E  conftest.c
configure:3019: $? = 0
configure:3033: gcc -E  conftest.c
conftest.c:9:10: fatal error: ac_nonexistent.h: No such file or directory
 #include <ac_nonexistent.h>
          ^~~~~~~~~~~~~~~~~~
compilation terminated.
configure:3033: $? = 1
configure: failed program was:
| /* confdefs.h */
| #define PACKAGE_NAME ""
| #define PACKAGE_TARNAME ""
| #define PACKAGE_VERSION ""
| #define PACKAGE_STRING ""
| #define PACKAGE_BUGREPORT ""
| #define PACKAGE_URL ""
| /* end confdefs.h.  */
| #include <ac_nonexistent.h>
configure:3058: result: gcc -E
configure:3078: gcc -E  conftest.c
configure:3078: $? = 0
configure:3092: gcc -E  conftest.c
conftest.c:9:10: fatal error: ac_nonexistent.h: No such file or directory
 #include <ac_nonexistent.h>
          ^~~~~~~~~~~~~~~~~~
compilation terminated.
configure:3092: $? = 1
configure: failed program was:
| /* confdefs.h */
| #define PACKAGE_NAME ""
| #define PACKAGE_TARNAME ""
| #define PACKAGE_VERSION ""
| #define PACKAGE_STRING ""
| #define PACKAGE_BUGREPORT ""
| #define PACKAGE_URL ""
| /* end confdefs.h.  */
| #include <ac_nonexistent.h>
configure:3121: checking for grep that handles long lines and -e
configure:3179: result: /bin/grep
configure:3184: checking for egrep
configure:3246: result: /bin/grep -E
configure:3251: checking for ANSI C header files
configure:3271: gcc -c -g -O2  conftest.c >&5
configure:3271: $? = 0
configure:3344: gcc -o conftest -g -O2   conftest.c  >&5
configure:3344: $? = 0
configure:3344: ./conftest
configure:3344: $? = 0
configure:3355: result: yes
configure:3370: checking for special C compiler options needed for large files
configure:3415: result: no
configure:3421: checking for _FILE_OFFSET_BITS value needed for large files
configure:3446: gcc -c -g -O2  conftest.c >&5
conftest.c:15:33: warning: left shift count >= width of type [-Wshift-count-overflow]
 #define LARGE_OFF_T (((off_t) 1 << 62) - 1 + ((off_t) 1 << 62))
                                 ^~
conftest.c:16:23: note: in expansion of macro 'LARGE_OFF_T'
   int off_t_is_large[(LARGE_OFF_T % 2147483629 == 721
                       ^~~~~~~~~~~
conftest.c:15:57: warning: left shift count >= width of type [-Wshift-count-overflow]
 #define LARGE_OFF_T (((off_t) 1 << 62) - 1 + ((off_t) 1 << 62))
                                                         ^~
conftest.c:16:23: note: in expansion of macro 'LARGE_OFF_T'
   int off_t_is_large[(LARGE_OFF_T % 2147483629 == 721
                       ^~~~~~~~~~~
conftest.c:15:33: warning: left shift count >= width of type [-Wshift-count-overflow]
 #define LARGE_OFF_T (((off_t) 1 << 62) - 1 + ((off_t) 1 << 62))
                                 ^~
conftest.c:17:13: note: in expansion of macro 'LARGE_OFF_T'
          && LARGE_OFF_T % 2147483647 == 1)
             ^~~~~~~~~~~
conftest.c:15:57: warning: left shift count >= width of type [-Wshift-count-overflow]
 #define LARGE_OFF_T (((off_t) 1 << 62) - 1 + ((off_t) 1 << 62))
                                                         ^~
conftest.c:17:13: note: in expansion of macro 'LARGE_OFF_T'
          && LARGE_OFF_T % 2147483647 == 1)
             ^~~~~~~~~~~
conftest.c:16:7: error: variably modified 'off_t_is_large' at file scope
   int off_t_is_large[(LARGE_OFF_T % 2147483629 == 721
       ^~~~~~~~~~~~~~
configure:3446: $? = 1
configure: failed program was:
| /* confdefs.h */
| #define PACKAGE_NAME ""
| #define PACKAGE_TARNAME ""
| #define PACKAGE_VERSION ""
| #define PACKAGE_STRING ""
| #define PACKAGE_BUGREPORT ""
| #define PACKAGE_URL ""
| #define STDC_HEADERS 1
| /* end confdefs.h.  */
| #include <sys/types.h>
|  /* Check that off_t can represent 2**63 - 1 correctly.
|     We can't simply define LARGE_OFF_T to be 9223372036854775807,
|     since some C++ compilers masquerading as C compilers
|     incorrectly reject 9223372036854775807.  */
| #define LARGE_OFF_T (((off_t) 1 << 62) - 1 + ((off_t) 1 << 62))
|   int off_t_is_large[(LARGE_OFF_T % 2147483629 == 721
| 		       && LARGE_OFF_T % 2147483647 == 1)
| 		      ? 1 : -1];
| int
| main ()
| {
| 
|   ;
|   return 0;
| }
configure:3470: gcc -c -g -O2  conftest.c >&5
configure:3470: $? = 0
configure:3478: result: 64
configure:3580: checking for OpenSSLVerifyCallback in -lUseful
configure:3605: gcc -o conftest -g -O2   conftest.c -lUseful -lssl -lcrypto -lz  >&5
/usr/lib/gcc/i486-pc-linux-gnu/8.2.0/../../../../i486-pc-linux-gnu/bin/ld: /tmp/cc0xcvhf.o: in function `main':
/home/colum/sommelier/conftest.c:22: undefined reference to `OpenSSLVerifyCallback'
collect2: error: ld returned 1 exit status
configure:3605: $? = 1
configure: failed program was:
| /* confdefs.h */
| #define PACKAGE_NAME ""
| #define PACKAGE_TARNAME ""
| #define PACKAGE_VERSION ""
| #define PACKAGE_STRING ""
| #define PACKAGE_BUGREPORT ""
| #define PACKAGE_URL ""
| #define STDC_HEADERS 1
| #define _FILE_OFFSET_BITS 64
| /* end confdefs.h.  */
| 
| /* Override any GCC internal prototype to avoid an error.
|    Use char because int might match the return type of a GCC
|    builtin and then its argument prototype would still apply.  */
| #ifdef __cplusplus
| extern "C"
| #endif
| char OpenSSLVerifyCallback ();
| int
| main ()
| {
| return OpenSSLVerifyCallback ();
|   ;
|   return 0;
| }
configure:3614: result: no
configure:3755: checking for GetToken in -lUseful
configure:3780: gcc -o conftest -g -O2   conftest.c -lUseful   >&5
configure:3780: $? = 0
configure:3789: result: yes
configure:3821: checking for sys/types.h
configure:3821: gcc -c -g -O2  conftest.c >&5
configure:3821: $? = 0
configure:3821: result: yes
configure:3821: checking for sys/stat.h
configure:3821: gcc -c -g -O2  conftest.c >&5
configure:3821: $? = 0
configure:3821: result: yes
configure:3821: checking for stdlib.h
configure:3821: gcc -c -g -O2  conftest.c >&5
configure:3821: $? = 0
configure:3821: result: yes
configure:3821: checking for string.h
configure:3821: gcc -c -g -O2  conftest.c >&5
configure:3821: $? = 0
configure:3821: result: yes
configure:3821: checking for memory.h
configure:3821: gcc -c -g -O2  conftest.c >&5
configure:3821: $? = 0
configure:3821: result: yes
configure:3821: checking for strings.h
configure:3821: gcc -c -g -O2  conftest.c >&5
configure:3821: $? = 0
configure:3821: result: yes
configure:3821: checking for inttypes.h
configure:3821: gcc -c -g -O2  conftest.c >&5
configure:3821: $? = 0
configure:3821: result: yes
configure:3821: checking for stdint.h
configure:3821: gcc -c -g -O2  conftest.c >&5
configure:3821: $? = 0
configure:3821: result: yes
configure:3821: checking for unistd.h
configure:3821: gcc -c -g -O2  conftest.c >&5
configure:3821: $? = 0
configure:3821: result: yes
configure:3833: checking openssl/crypto.h usability
configure:3833: gcc -c -g -O2  conftest.c >&5
configure:3833: $? = 0
configure:3833: result: yes
configure:3833: checking openssl/crypto.h presence
configure:3833: gcc -E  conftest.c
configure:3833: $? = 0
configure:3833: result: yes
configure:3833: checking for openssl/crypto.h
configure:3833: result: yes
configure:3839: checking openssl/ssl.h usability
configure:3839: gcc -c -g -O2  conftest.c >&5
configure:3839: $? = 0
configure:3839: result: yes
configure:3839: checking openssl/ssl.h presence
configure:3839: gcc -E  conftest.c
configure:3839: $? = 0
configure:3839: result: yes
configure:3839: checking for openssl/ssl.h
configure:3839: result: yes
configure:3846: checking for EVP_CIPHER_CTX_init in -lcrypto
configure:3871: gcc -o conftest -g -O2   conftest.c -lcrypto  -lUseful  >&5
configure:3871: $? = 0
configure:3880: result: yes
configure:3944: checking for SSL_library_init in -lssl
configure:3969: gcc -o conftest -g -O2   conftest.c -lssl  -lcrypto -lUseful  >&5
configure:3969: $? = 0
configure:3978: result: yes
configure:4205: creating ./config.status

## ---------------------- ##
## Running config.status. ##
## ---------------------- ##

This file was extended by config.status, which was
generated by GNU Autoconf 2.69.  Invocation command line was

  CONFIG_FILES    = 
  CONFIG_HEADERS  = 
  CONFIG_LINKS    = 
  CONFIG_COMMANDS = 
  $ ./config.status 

on beast

config.status:730: creating Makefile

## ---------------- ##
## Cache variables. ##
## ---------------- ##

ac_cv_c_compiler_gnu=yes
ac_cv_env_CC_set=
ac_cv_env_CC_value=
ac_cv_env_CFLAGS_set=
ac_cv_env_CFLAGS_value=
ac_cv_env_CPPFLAGS_set=
ac_cv_env_CPPFLAGS_value=
ac_cv_env_CPP_set=
ac_cv_env_CPP_value=
ac_cv_env_LDFLAGS_set=
ac_cv_env_LDFLAGS_value=
ac_cv_env_LIBS_set=
ac_cv_env_LIBS_value=
ac_cv_env_build_alias_set=
ac_cv_env_build_alias_value=
ac_cv_env_host_alias_set=
ac_cv_env_host_alias_value=
ac_cv_env_target_alias_set=
ac_cv_env_target_alias_value=
ac_cv_header_inttypes_h=yes
ac_cv_header_memory_h=yes
ac_cv_header_openssl_crypto_h=yes
ac_cv_header_openssl_ssl_h=yes
ac_cv_header_stdc=yes
ac_cv_header_stdint_h=yes
ac_cv_header_stdlib_h=yes
ac_cv_header_string_h=yes
ac_cv_header_strings_h=yes
ac_cv_header_sys_stat_h=yes
ac_cv_header_sys_types_h=yes
ac_cv_header_unistd_h=yes
ac_cv_lib_Useful_GetToken=yes
ac_cv_lib_Useful_OpenSSLVerifyCallback=no
ac_cv_lib_crypto_EVP_CIPHER_CTX_init=yes
ac_cv_lib_ssl_SSL_library_init=yes
ac_cv_objext=o
ac_cv_path_EGREP='/bin/grep -E'
ac_cv_path_GREP=/bin/grep
ac_cv_path_install='/bin/install -c'
ac_cv_prog_CPP='gcc -E'
ac_cv_prog_ac_ct_CC=gcc
ac_cv_prog_cc_c89=
ac_cv_prog_cc_g=yes
ac_cv_prog_make_make_set=yes
ac_cv_sys_file_offset_bits=64
ac_cv_sys_largefile_CC=no

## ----------------- ##
## Output variables. ##
## ----------------- ##

CC='gcc'
CFLAGS='-g -O2'
CPP='gcc -E'
CPPFLAGS=''
DEFS='-DPACKAGE_NAME=\"\" -DPACKAGE_TARNAME=\"\" -DPACKAGE_VERSION=\"\" -DPACKAGE_STRING=\"\" -DPACKAGE_BUGREPORT=\"\" -DPACKAGE_URL=\"\" -DSTDC_HEADERS=1 -D_FILE_OFFSET_BITS=64 -DHAVE_LIBUSEFUL=1 -DHAVE_SYS_TYPES_H=1 -DHAVE_SYS_STAT_H=1 -DHAVE_STDLIB_H=1 -DHAVE_STRING_H=1 -DHAVE_MEMORY_H=1 -DHAVE_STRINGS_H=1 -DHAVE_INTTYPES_H=1 -DHAVE_STDINT_H=1 -DHAVE_UNISTD_H=1 -DHAVE_LIBCRYPTO=1 -DHAVE_LIBSSL=1'
ECHO_C=''
ECHO_N='-n'
ECHO_T=''
EGREP='/bin/grep -E'
EXEEXT=''
GREP='/bin/grep'
INSTALL_DATA='${INSTALL} -m 644'
INSTALL_PROGRAM='${INSTALL}'
INSTALL_SCRIPT='${INSTALL}'
LDFLAGS=''
LIBOBJS=''
LIBS='-lssl -lcrypto -lUseful '
LTLIBOBJS=''
OBJEXT='o'
PACKAGE_BUGREPORT=''
PACKAGE_NAME=''
PACKAGE_STRING=''
PACKAGE_TARNAME=''
PACKAGE_URL=''
PACKAGE_VERSION=''
PATH_SEPARATOR=':'
SET_MAKE=''
SHELL='/bin/sh'
STATIC_LIBS=''
ac_ct_CC='gcc'
bindir='${exec_prefix}/bin'
build_alias=''
datadir='${datarootdir}'
datarootdir='${prefix}/share'
docdir='${datarootdir}/doc/${PACKAGE}'
dvidir='${docdir}'
exec_prefix='${prefix}'
host_alias=''
htmldir='${docdir}'
includedir='${prefix}/include'
infodir='${datarootdir}/info'
libdir='${exec_prefix}/lib'
libexecdir='${exec_prefix}/libexec'
localedir='${datarootdir}/locale'
localstatedir='${prefix}/var'
mandir='${datarootdir}/man'
oldincludedir='/usr/include'
pdfdir='${docdir}'
prefix='/usr/local'
program_transform_name='s,x,x,'
psdir='${docdir}'
sbindir='${exec_prefix}/sbin'
sharedstatedir='${prefix}/com'
subdirs=''
sysconfdir='${prefix}/etc'
target_alias=''

## ----------- ##
## confdefs.h. ##
## ----------- ##

/* confdefs.h */
#define PACKAGE_NAME ""
#define PACKAGE_TARNAME ""
#define PACKAGE_VERSION ""
#define PACKAGE_STRING ""
#define PACKAGE_BUGREPORT ""
#define PACKAGE_URL ""
#define STDC_HEADERS 1
#define _FILE_OFFSET_BITS 64
#define HAVE_LIBUSEFUL 1
#define HAVE_SYS_TYPES_H 1
#define HAVE_SYS_STAT_H 1
#define HAVE_STDLIB_H 1
#define HAVE_STRING_H 1
#define HAVE_MEMORY_H 1
#define HAVE_STRINGS_H 1
#define HAVE_INTTYPES_H 1
#define HAVE_STDINT_H 1
#define HAVE_UNISTD_H 1
#define HAVE_LIBCRYPTO 1
#define HAVE_LIBSSL 1

configure: exit 0
